2025-06-26 22:56:31,101 - model_building - DEBUG - Data loaded from ./data/processed/train_tfidf.csv with shape (4190, 51)
2025-06-26 22:56:31,107 - model_building - DEBUG - Initializing RandomForest model with parameters: {'n_estimators': 25, 'random_state': 2}
2025-06-26 22:56:31,107 - model_building - DEBUG - Model training started with 4190 samples
2025-06-26 22:56:31,276 - model_building - DEBUG - Model training completed
2025-06-26 22:56:31,279 - model_building - DEBUG - Model saved to models/model.pkl
2025-06-28 11:30:02,386 - model_building - DEBUG - Data loaded from ./data/processed/train_tfidf.csv with shape (4190, 51)
2025-06-28 11:30:02,386 - model_building - DEBUG - Initializing RandomForest model with parameters: {'n_estimators': 25, 'random_state': 2}
2025-06-28 11:30:02,386 - model_building - DEBUG - Model training started with 4190 samples
2025-06-28 11:30:02,544 - model_building - DEBUG - Model training completed
2025-06-28 11:30:02,564 - model_building - DEBUG - Model saved to models/model.pkl
2025-06-28 11:31:38,993 - model_building - DEBUG - Data loaded from ./data/processed/train_tfidf.csv with shape (4190, 51)
2025-06-28 11:31:38,993 - model_building - DEBUG - Initializing RandomForest model with parameters: {'n_estimators': 25, 'random_state': 2}
2025-06-28 11:31:38,993 - model_building - DEBUG - Model training started with 4190 samples
2025-06-28 11:31:39,141 - model_building - DEBUG - Model training completed
2025-06-28 11:31:39,146 - model_building - DEBUG - Model saved to models/model.pkl
2025-06-28 12:40:18,273 - model_building - DEBUG - Parameters retrieved from params.yaml
2025-06-28 12:40:18,291 - model_building - DEBUG - Data loaded from ./data/processed/train_tfidf.csv with shape (4190, 36)
2025-06-28 12:40:18,293 - model_building - DEBUG - Initializing RandomForest model with parameters: {'n_estimators': 22, 'random_state': 2}
2025-06-28 12:40:18,293 - model_building - DEBUG - Model training started with 4190 samples
2025-06-28 12:40:18,396 - model_building - DEBUG - Model training completed
2025-06-28 12:40:18,400 - model_building - DEBUG - Model saved to models/model.pkl
2025-06-28 12:43:00,693 - model_building - DEBUG - Parameters retrieved from params.yaml
2025-06-28 12:43:00,709 - model_building - DEBUG - Data loaded from ./data/processed/train_tfidf.csv with shape (3943, 31)
2025-06-28 12:43:00,711 - model_building - DEBUG - Initializing RandomForest model with parameters: {'n_estimators': 25, 'random_state': 3}
2025-06-28 12:43:00,711 - model_building - DEBUG - Model training started with 3943 samples
2025-06-28 12:43:00,810 - model_building - DEBUG - Model training completed
2025-06-28 12:43:00,814 - model_building - DEBUG - Model saved to models/model.pkl
2025-06-28 13:15:19,961 - model_building - DEBUG - Parameters retrieved from params.yaml
2025-06-28 13:15:19,981 - model_building - DEBUG - Data loaded from ./data/processed/train_tfidf.csv with shape (3943, 33)
2025-06-28 13:15:19,983 - model_building - DEBUG - Initializing RandomForest model with parameters: {'n_estimators': 22, 'random_state': 3}
2025-06-28 13:15:19,983 - model_building - DEBUG - Model training started with 3943 samples
2025-06-28 13:15:20,083 - model_building - DEBUG - Model training completed
2025-06-28 13:15:20,086 - model_building - DEBUG - Model saved to models/model.pkl
2025-06-28 13:22:14,524 - model_building - DEBUG - Parameters retrieved from params.yaml
2025-06-28 13:22:14,540 - model_building - DEBUG - Data loaded from ./data/processed/train_tfidf.csv with shape (3943, 33)
2025-06-28 13:22:14,542 - model_building - DEBUG - Initializing RandomForest model with parameters: {'n_estimators': 20, 'random_state': 3}
2025-06-28 13:22:14,543 - model_building - DEBUG - Model training started with 3943 samples
2025-06-28 13:22:14,631 - model_building - DEBUG - Model training completed
2025-06-28 13:22:14,633 - model_building - DEBUG - Model saved to models/model.pkl
